C51 COMPILER V9.60.0.0   DELAY                                                             05/17/2020 15:49:17 PAGE 1   


C51 COMPILER V9.60.0.0, COMPILATION OF MODULE DELAY
OBJECT MODULE PLACED IN .\Objects\Delay.obj
COMPILER INVOKED BY: C:\tools\keilv5\C51\BIN\C51.EXE Delay.c OPTIMIZE(8,SPEED) BROWSE DEBUG OBJECTEXTEND PRINT(.\Listing
                    -s\Delay.lst) TABS(2) OBJECT(.\Objects\Delay.obj)

line level    source

   1          #include <REG51.h>
   2          #include "Delay.h"
   3          
   4          // 延时：毫秒
   5          void DELAY_MS (unsigned int a) {
   6   1          unsigned int i;
   7   1          while ( --a != 0 )    {
   8   2              for (i=0; i<=600; i++);
   9   2          }
  10   1      }
  11          
  12          // 延时：秒
  13          void DELAY_S (unsigned int a) {
  14   1          unsigned int i;
  15   1          a = a * 1000;
  16   1          while ( --a != 0 )    {
  17   2              for (i=0; i<=600; i++);
  18   2          }
  19   1      }
  20          
  21          // 延时：分
  22          void DELAY_M (unsigned int a) {
  23   1          unsigned int i;
  24   1          a = a * 1000 * 60;
  25   1          while ( --a != 0 )    {
  26   2              for (i=0; i<=600; i++);
  27   2          }
  28   1      }


MODULE INFORMATION:   STATIC OVERLAYABLE
   CODE SIZE        =    101    ----
   CONSTANT SIZE    =   ----    ----
   XDATA SIZE       =   ----    ----
   PDATA SIZE       =   ----    ----
   DATA SIZE        =   ----    ----
   IDATA SIZE       =   ----    ----
   BIT SIZE         =   ----    ----
END OF MODULE INFORMATION.


C51 COMPILATION COMPLETE.  0 WARNING(S),  0 ERROR(S)
